<?xml version="1.0" encoding="UTF-8"?>
<testng-results skipped="0" failed="0" ignored="0" total="1" passed="1">
  <reporter-output>
  </reporter-output>
  <suite name="Suite1" duration-ms="51" started-at="2019-03-09T04:10:27Z" finished-at="2019-03-09T04:10:27Z">
    <groups>
    </groups>
    <test name="SampleTest" duration-ms="51" started-at="2019-03-09T04:10:27Z" finished-at="2019-03-09T04:10:27Z">
      <class name="HCL.MavenFirstProject.App">
        <test-method status="PASS" signature="sample()[pri:0, instance:HCL.MavenFirstProject.App@26be92ad]" name="sample" duration-ms="15" started-at="2019-03-09T04:10:27Z" finished-at="2019-03-09T04:10:27Z">
          <reporter-output>
          </reporter-output>
        </test-method> <!-- sample -->
      </class> <!-- HCL.MavenFirstProject.App -->
    </test> <!-- SampleTest -->
  </suite> <!-- Suite1 -->
</testng-results>
